# JRE version: OpenJDK Runtime Environment (8.0_242-b01) (build 1.8.0_242-release-1644-b01)
# Java VM: OpenJDK 64-Bit Server VM (25.242-b01 mixed mode windows-amd64 compressed oops)
Heap:
 PSYoungGen      total 107520K, used 9957K [0x00000000d5580000, 0x00000000dca80000, 0x0000000100000000)
  eden space 96768K, 10% used [0x00000000d5580000,0x00000000d5f39688,0x00000000db400000)
  from space 10752K, 0% used [0x00000000db400000,0x00000000db400000,0x00000000dbe80000)
  to   space 9216K, 0% used [0x00000000dbe80000,0x00000000dbe80000,0x00000000dc780000)
 ParOldGen       total 60416K, used 15858K [0x0000000080000000, 0x0000000083b00000, 0x00000000d5580000)
  object space 60416K, 26% used [0x0000000080000000,0x0000000080f7c998,0x0000000083b00000)
 Metaspace       used 34903K, capacity 36080K, committed 36392K, reserved 1081344K
  class space    used 4813K, capacity 5093K, committed 5168K, reserved 1048576K
GC Heap History (10 events):
Event: 4.040 GC heap before
{Heap before GC invocations=7 (full 0):
 PSYoungGen      total 105984K, used 13200K [0x00000000d5580000, 0x00000000dca80000, 0x0000000100000000)
  eden space 96768K, 4% used [0x00000000d5580000,0x00000000d596be20,0x00000000db400000)
  from space 9216K, 99% used [0x00000000dbe80000,0x00000000dc778450,0x00000000dc780000)
  to   space 10752K, 0% used [0x00000000db400000,0x00000000db400000,0x00000000dbe80000)
 ParOldGen       total 65536K, used 6776K [0x0000000080000000, 0x0000000084000000, 0x00000000d5580000)
  object space 65536K, 10% used [0x0000000080000000,0x000000008069e3a0,0x0000000084000000)
 Metaspace       used 20554K, capacity 21224K, committed 21296K, reserved 1067008K
  class space    used 2878K, capacity 3076K, committed 3120K, reserved 1048576K
Event: 4.048 GC heap after
Heap after GC invocations=7 (full 0):
 PSYoungGen      total 107520K, used 4228K [0x00000000d5580000, 0x00000000dca80000, 0x0000000100000000)
  eden space 96768K, 0% used [0x00000000d5580000,0x00000000d5580000,0x00000000db400000)
  from space 10752K, 39% used [0x00000000db400000,0x00000000db821050,0x00000000dbe80000)
  to   space 9216K, 0% used [0x00000000dbe80000,0x00000000dbe80000,0x00000000dc780000)
 ParOldGen       total 65536K, used 8409K [0x0000000080000000, 0x0000000084000000, 0x00000000d5580000)
  object space 65536K, 12% used [0x0000000080000000,0x0000000080836410,0x0000000084000000)
 Metaspace       used 20554K, capacity 21224K, committed 21296K, reserved 1067008K
  class space    used 2878K, capacity 3076K, committed 3120K, reserved 1048576K
}
Event: 4.048 GC heap before
{Heap before GC invocations=8 (full 1):
 PSYoungGen      total 107520K, used 4228K [0x00000000d5580000, 0x00000000dca80000, 0x0000000100000000)
  eden space 96768K, 0% used [0x00000000d5580000,0x00000000d5580000,0x00000000db400000)
  from space 10752K, 39% used [0x00000000db400000,0x00000000db821050,0x00000000dbe80000)
  to   space 9216K, 0% used [0x00000000dbe80000,0x00000000dbe80000,0x00000000dc780000)
 ParOldGen       total 65536K, used 8409K [0x0000000080000000, 0x0000000084000000, 0x00000000d5580000)
  object space 65536K, 12% used [0x0000000080000000,0x0000000080836410,0x0000000084000000)
 Metaspace       used 20554K, capacity 21224K, committed 21296K, reserved 1067008K
  class space    used 2878K, capacity 3076K, committed 3120K, reserved 1048576K
Event: 4.111 GC heap after
Heap after GC invocations=8 (full 1):
 PSYoungGen      total 107520K, used 0K [0x00000000d5580000, 0x00000000dca80000, 0x0000000100000000)
  eden space 96768K, 0% used [0x00000000d5580000,0x00000000d5580000,0x00000000db400000)
  from space 10752K, 0% used [0x00000000db400000,0x00000000db400000,0x00000000dbe80000)
  to   space 9216K, 0% used [0x00000000dbe80000,0x00000000dbe80000,0x00000000dc780000)
 ParOldGen       total 40448K, used 6753K [0x0000000080000000, 0x0000000082780000, 0x00000000d5580000)
  object space 40448K, 16% used [0x0000000080000000,0x00000000806987d8,0x0000000082780000)
 Metaspace       used 20554K, capacity 21224K, committed 21296K, reserved 1067008K
  class space    used 2878K, capacity 3076K, committed 3120K, reserved 1048576K
}
Event: 5.673 GC heap before
{Heap before GC invocations=9 (full 1):
 PSYoungGen      total 107520K, used 96768K [0x00000000d5580000, 0x00000000dca80000, 0x0000000100000000)
  eden space 96768K, 100% used [0x00000000d5580000,0x00000000db400000,0x00000000db400000)
  from space 10752K, 0% used [0x00000000db400000,0x00000000db400000,0x00000000dbe80000)
  to   space 9216K, 0% used [0x00000000dbe80000,0x00000000dbe80000,0x00000000dc780000)
 ParOldGen       total 40448K, used 6753K [0x0000000080000000, 0x0000000082780000, 0x00000000d5580000)
  object space 40448K, 16% used [0x0000000080000000,0x00000000806987d8,0x0000000082780000)
 Metaspace       used 31285K, capacity 32186K, committed 32432K, reserved 1077248K
  class space    used 4258K, capacity 4468K, committed 4528K, reserved 1048576K
Event: 5.687 GC heap after
Heap after GC invocations=9 (full 1):
 PSYoungGen      total 105984K, used 9207K [0x00000000d5580000, 0x00000000dca80000, 0x0000000100000000)
  eden space 96768K, 0% used [0x00000000d5580000,0x00000000d5580000,0x00000000db400000)
  from space 9216K, 99% used [0x00000000dbe80000,0x00000000dc77de20,0x00000000dc780000)
  to   space 10752K, 0% used [0x00000000db400000,0x00000000db400000,0x00000000dbe80000)
 ParOldGen       total 40448K, used 8950K [0x0000000080000000, 0x0000000082780000, 0x00000000d5580000)
  object space 40448K, 22% used [0x0000000080000000,0x00000000808bdb80,0x0000000082780000)
 Metaspace       used 31285K, capacity 32186K, committed 32432K, reserved 1077248K
  class space    used 4258K, capacity 4468K, committed 4528K, reserved 1048576K
}
Event: 6.436 GC heap before
{Heap before GC invocations=10 (full 1):
 PSYoungGen      total 105984K, used 71182K [0x00000000d5580000, 0x00000000dca80000, 0x0000000100000000)
  eden space 96768K, 64% used [0x00000000d5580000,0x00000000d9205c28,0x00000000db400000)
  from space 9216K, 99% used [0x00000000dbe80000,0x00000000dc77de20,0x00000000dc780000)
  to   space 10752K, 0% used [0x00000000db400000,0x00000000db400000,0x00000000dbe80000)
 ParOldGen       total 40448K, used 8950K [0x0000000080000000, 0x0000000082780000, 0x00000000d5580000)
  object space 40448K, 22% used [0x0000000080000000,0x00000000808bdb80,0x0000000082780000)
 Metaspace       used 34329K, capacity 35420K, committed 35496K, reserved 1079296K
  class space    used 4732K, capacity 5003K, committed 5040K, reserved 1048576K
Event: 6.449 GC heap after
Heap after GC invocations=10 (full 1):
 PSYoungGen      total 107520K, used 9602K [0x00000000d5580000, 0x00000000dca80000, 0x0000000100000000)
  eden space 96768K, 0% used [0x00000000d5580000,0x00000000d5580000,0x00000000db400000)
  from space 10752K, 89% used [0x00000000db400000,0x00000000dbd60b90,0x00000000dbe80000)
  to   space 9216K, 0% used [0x00000000dbe80000,0x00000000dbe80000,0x00000000dc780000)
 ParOldGen       total 40448K, used 8958K [0x0000000080000000, 0x0000000082780000, 0x00000000d5580000)
  object space 40448K, 22% used [0x0000000080000000,0x00000000808bfb80,0x0000000082780000)
 Metaspace       used 34329K, capacity 35420K, committed 35496K, reserved 1079296K
  class space    used 4732K, capacity 5003K, committed 5040K, reserved 1048576K
}
Event: 6.449 GC heap before
{Heap before GC invocations=11 (full 2):
 PSYoungGen      total 107520K, used 9602K [0x00000000d5580000, 0x00000000dca80000, 0x0000000100000000)
  eden space 96768K, 0% used [0x00000000d5580000,0x00000000d5580000,0x00000000db400000)
  from space 10752K, 89% used [0x00000000db400000,0x00000000dbd60b90,0x00000000dbe80000)
  to   space 9216K, 0% used [0x00000000dbe80000,0x00000000dbe80000,0x00000000dc780000)
 ParOldGen       total 40448K, used 8958K [0x0000000080000000, 0x0000000082780000, 0x00000000d5580000)
  object space 40448K, 22% used [0x0000000080000000,0x00000000808bfb80,0x0000000082780000)
 Metaspace       used 34329K, capacity 35420K, committed 35496K, reserved 1079296K
  class space    used 4732K, capacity 5003K, committed 5040K, reserved 1048576K
Event: 6.517 GC heap after
Heap after GC invocations=11 (full 2):
 PSYoungGen      total 107520K, used 0K [0x00000000d5580000, 0x00000000dca80000, 0x0000000100000000)
  eden space 96768K, 0% used [0x00000000d5580000,0x00000000d5580000,0x00000000db400000)
  from space 10752K, 0% used [0x00000000db400000,0x00000000db400000,0x00000000dbe80000)
  to   space 9216K, 0% used [0x00000000dbe80000,0x00000000dbe80000,0x00000000dc780000)
 ParOldGen       total 60416K, used 15858K [0x0000000080000000, 0x0000000083b00000, 0x00000000d5580000)
  object space 60416K, 26% used [0x0000000080000000,0x0000000080f7c998,0x0000000083b00000)
 Metaspace       used 34329K, capacity 35420K, committed 35496K, reserved 1079296K
  class space    used 4732K, capacity 5003K, committed 5040K, reserved 1048576K
}

