# JRE version: OpenJDK Runtime Environment (8.0_242-b01) (build 1.8.0_242-release-1644-b01)
# Java VM: OpenJDK 64-Bit Server VM (25.242-b01 mixed mode windows-amd64 compressed oops)
Heap:
 PSYoungGen      total 107520K, used 31065K [0x00000000d5580000, 0x00000000dca80000, 0x0000000100000000)
  eden space 96768K, 32% used [0x00000000d5580000,0x00000000d73d64c8,0x00000000db400000)
  from space 10752K, 0% used [0x00000000db400000,0x00000000db400000,0x00000000dbe80000)
  to   space 9216K, 0% used [0x00000000dbe80000,0x00000000dbe80000,0x00000000dc780000)
 ParOldGen       total 39936K, used 15926K [0x0000000080000000, 0x0000000082700000, 0x00000000d5580000)
  object space 39936K, 39% used [0x0000000080000000,0x0000000080f8d9e0,0x0000000082700000)
 Metaspace       used 35938K, capacity 37362K, committed 37544K, reserved 1083392K
  class space    used 4949K, capacity 5272K, committed 5296K, reserved 1048576K
GC Heap History (10 events):
Event: 4.203 GC heap before
{Heap before GC invocations=7 (full 0):
 PSYoungGen      total 105984K, used 11769K [0x00000000d5580000, 0x00000000dca80000, 0x0000000100000000)
  eden space 96768K, 2% used [0x00000000d5580000,0x00000000d580cc10,0x00000000db400000)
  from space 9216K, 99% used [0x00000000dbe80000,0x00000000dc771868,0x00000000dc780000)
  to   space 10752K, 0% used [0x00000000db400000,0x00000000db400000,0x00000000dbe80000)
 ParOldGen       total 65536K, used 6808K [0x0000000080000000, 0x0000000084000000, 0x00000000d5580000)
  object space 65536K, 10% used [0x0000000080000000,0x00000000806a6148,0x0000000084000000)
 Metaspace       used 20525K, capacity 21152K, committed 21296K, reserved 1069056K
  class space    used 2873K, capacity 3076K, committed 3120K, reserved 1048576K
Event: 4.211 GC heap after
Heap after GC invocations=7 (full 0):
 PSYoungGen      total 107520K, used 4084K [0x00000000d5580000, 0x00000000dca80000, 0x0000000100000000)
  eden space 96768K, 0% used [0x00000000d5580000,0x00000000d5580000,0x00000000db400000)
  from space 10752K, 37% used [0x00000000db400000,0x00000000db7fd040,0x00000000dbe80000)
  to   space 9216K, 0% used [0x00000000dbe80000,0x00000000dbe80000,0x00000000dc780000)
 ParOldGen       total 65536K, used 8428K [0x0000000080000000, 0x0000000084000000, 0x00000000d5580000)
  object space 65536K, 12% used [0x0000000080000000,0x000000008083b1a8,0x0000000084000000)
 Metaspace       used 20525K, capacity 21152K, committed 21296K, reserved 1069056K
  class space    used 2873K, capacity 3076K, committed 3120K, reserved 1048576K
}
Event: 4.211 GC heap before
{Heap before GC invocations=8 (full 1):
 PSYoungGen      total 107520K, used 4084K [0x00000000d5580000, 0x00000000dca80000, 0x0000000100000000)
  eden space 96768K, 0% used [0x00000000d5580000,0x00000000d5580000,0x00000000db400000)
  from space 10752K, 37% used [0x00000000db400000,0x00000000db7fd040,0x00000000dbe80000)
  to   space 9216K, 0% used [0x00000000dbe80000,0x00000000dbe80000,0x00000000dc780000)
 ParOldGen       total 65536K, used 8428K [0x0000000080000000, 0x0000000084000000, 0x00000000d5580000)
  object space 65536K, 12% used [0x0000000080000000,0x000000008083b1a8,0x0000000084000000)
 Metaspace       used 20525K, capacity 21152K, committed 21296K, reserved 1069056K
  class space    used 2873K, capacity 3076K, committed 3120K, reserved 1048576K
Event: 4.269 GC heap after
Heap after GC invocations=8 (full 1):
 PSYoungGen      total 107520K, used 0K [0x00000000d5580000, 0x00000000dca80000, 0x0000000100000000)
  eden space 96768K, 0% used [0x00000000d5580000,0x00000000d5580000,0x00000000db400000)
  from space 10752K, 0% used [0x00000000db400000,0x00000000db400000,0x00000000dbe80000)
  to   space 9216K, 0% used [0x00000000dbe80000,0x00000000dbe80000,0x00000000dc780000)
 ParOldGen       total 39936K, used 6676K [0x0000000080000000, 0x0000000082700000, 0x00000000d5580000)
  object space 39936K, 16% used [0x0000000080000000,0x00000000806851f8,0x0000000082700000)
 Metaspace       used 20525K, capacity 21152K, committed 21296K, reserved 1069056K
  class space    used 2873K, capacity 3076K, committed 3120K, reserved 1048576K
}
Event: 5.771 GC heap before
{Heap before GC invocations=9 (full 1):
 PSYoungGen      total 107520K, used 96768K [0x00000000d5580000, 0x00000000dca80000, 0x0000000100000000)
  eden space 96768K, 100% used [0x00000000d5580000,0x00000000db400000,0x00000000db400000)
  from space 10752K, 0% used [0x00000000db400000,0x00000000db400000,0x00000000dbe80000)
  to   space 9216K, 0% used [0x00000000dbe80000,0x00000000dbe80000,0x00000000dc780000)
 ParOldGen       total 39936K, used 6676K [0x0000000080000000, 0x0000000082700000, 0x00000000d5580000)
  object space 39936K, 16% used [0x0000000080000000,0x00000000806851f8,0x0000000082700000)
 Metaspace       used 31187K, capacity 32102K, committed 32176K, reserved 1079296K
  class space    used 4236K, capacity 4466K, committed 4528K, reserved 1048576K
Event: 5.785 GC heap after
Heap after GC invocations=9 (full 1):
 PSYoungGen      total 105984K, used 9202K [0x00000000d5580000, 0x00000000dca80000, 0x0000000100000000)
  eden space 96768K, 0% used [0x00000000d5580000,0x00000000d5580000,0x00000000db400000)
  from space 9216K, 99% used [0x00000000dbe80000,0x00000000dc77c9a0,0x00000000dc780000)
  to   space 10752K, 0% used [0x00000000db400000,0x00000000db400000,0x00000000dbe80000)
 ParOldGen       total 39936K, used 8769K [0x0000000080000000, 0x0000000082700000, 0x00000000d5580000)
  object space 39936K, 21% used [0x0000000080000000,0x00000000808905a8,0x0000000082700000)
 Metaspace       used 31187K, capacity 32102K, committed 32176K, reserved 1079296K
  class space    used 4236K, capacity 4466K, committed 4528K, reserved 1048576K
}
Event: 6.586 GC heap before
{Heap before GC invocations=10 (full 1):
 PSYoungGen      total 105984K, used 72678K [0x00000000d5580000, 0x00000000dca80000, 0x0000000100000000)
  eden space 96768K, 65% used [0x00000000d5580000,0x00000000d937cf60,0x00000000db400000)
  from space 9216K, 99% used [0x00000000dbe80000,0x00000000dc77c9a0,0x00000000dc780000)
  to   space 10752K, 0% used [0x00000000db400000,0x00000000db400000,0x00000000dbe80000)
 ParOldGen       total 39936K, used 8769K [0x0000000080000000, 0x0000000082700000, 0x00000000d5580000)
  object space 39936K, 21% used [0x0000000080000000,0x00000000808905a8,0x0000000082700000)
 Metaspace       used 34324K, capacity 35412K, committed 35496K, reserved 1081344K
  class space    used 4726K, capacity 5003K, committed 5040K, reserved 1048576K
Event: 6.600 GC heap after
Heap after GC invocations=10 (full 1):
 PSYoungGen      total 107520K, used 9640K [0x00000000d5580000, 0x00000000dca80000, 0x0000000100000000)
  eden space 96768K, 0% used [0x00000000d5580000,0x00000000d5580000,0x00000000db400000)
  from space 10752K, 89% used [0x00000000db400000,0x00000000dbd6a0e8,0x00000000dbe80000)
  to   space 9216K, 0% used [0x00000000dbe80000,0x00000000dbe80000,0x00000000dc780000)
 ParOldGen       total 39936K, used 8777K [0x0000000080000000, 0x0000000082700000, 0x00000000d5580000)
  object space 39936K, 21% used [0x0000000080000000,0x00000000808925a8,0x0000000082700000)
 Metaspace       used 34324K, capacity 35412K, committed 35496K, reserved 1081344K
  class space    used 4726K, capacity 5003K, committed 5040K, reserved 1048576K
}
Event: 6.600 GC heap before
{Heap before GC invocations=11 (full 2):
 PSYoungGen      total 107520K, used 9640K [0x00000000d5580000, 0x00000000dca80000, 0x0000000100000000)
  eden space 96768K, 0% used [0x00000000d5580000,0x00000000d5580000,0x00000000db400000)
  from space 10752K, 89% used [0x00000000db400000,0x00000000dbd6a0e8,0x00000000dbe80000)
  to   space 9216K, 0% used [0x00000000dbe80000,0x00000000dbe80000,0x00000000dc780000)
 ParOldGen       total 39936K, used 8777K [0x0000000080000000, 0x0000000082700000, 0x00000000d5580000)
  object space 39936K, 21% used [0x0000000080000000,0x00000000808925a8,0x0000000082700000)
 Metaspace       used 34324K, capacity 35412K, committed 35496K, reserved 1081344K
  class space    used 4726K, capacity 5003K, committed 5040K, reserved 1048576K
Event: 6.672 GC heap after
Heap after GC invocations=11 (full 2):
 PSYoungGen      total 107520K, used 0K [0x00000000d5580000, 0x00000000dca80000, 0x0000000100000000)
  eden space 96768K, 0% used [0x00000000d5580000,0x00000000d5580000,0x00000000db400000)
  from space 10752K, 0% used [0x00000000db400000,0x00000000db400000,0x00000000dbe80000)
  to   space 9216K, 0% used [0x00000000dbe80000,0x00000000dbe80000,0x00000000dc780000)
 ParOldGen       total 39936K, used 15926K [0x0000000080000000, 0x0000000082700000, 0x00000000d5580000)
  object space 39936K, 39% used [0x0000000080000000,0x0000000080f8d9e0,0x0000000082700000)
 Metaspace       used 34324K, capacity 35412K, committed 35496K, reserved 1081344K
  class space    used 4726K, capacity 5003K, committed 5040K, reserved 1048576K
}

