# JRE version: OpenJDK Runtime Environment (8.0_242-b01) (build 1.8.0_242-release-1644-b01)
# Java VM: OpenJDK 64-Bit Server VM (25.242-b01 mixed mode windows-amd64 compressed oops)
Heap:
 PSYoungGen      total 181760K, used 10517K [0x00000000d5580000, 0x00000000e2680000, 0x0000000100000000)
  eden space 169472K, 6% used [0x00000000d5580000,0x00000000d5fc5550,0x00000000dfb00000)
  from space 12288K, 0% used [0x00000000e0e80000,0x00000000e0e80000,0x00000000e1a80000)
  to   space 10240K, 0% used [0x00000000e1c80000,0x00000000e1c80000,0x00000000e2680000)
 ParOldGen       total 42496K, used 15810K [0x0000000080000000, 0x0000000082980000, 0x00000000d5580000)
  object space 42496K, 37% used [0x0000000080000000,0x0000000080f70888,0x0000000082980000)
 Metaspace       used 34911K, capacity 36064K, committed 36392K, reserved 1081344K
  class space    used 4811K, capacity 5093K, committed 5168K, reserved 1048576K
GC Heap History (10 events):
Event: 4.960 GC heap before
{Heap before GC invocations=7 (full 0):
 PSYoungGen      total 105984K, used 13216K [0x00000000d5580000, 0x00000000dca80000, 0x0000000100000000)
  eden space 96768K, 4% used [0x00000000d5580000,0x00000000d596cc80,0x00000000db400000)
  from space 9216K, 99% used [0x00000000dbe80000,0x00000000dc77b6d0,0x00000000dc780000)
  to   space 10752K, 0% used [0x00000000db400000,0x00000000db400000,0x00000000dbe80000)
 ParOldGen       total 65536K, used 6737K [0x0000000080000000, 0x0000000084000000, 0x00000000d5580000)
  object space 65536K, 10% used [0x0000000080000000,0x0000000080694748,0x0000000084000000)
 Metaspace       used 20572K, capacity 21208K, committed 21296K, reserved 1067008K
  class space    used 2878K, capacity 3076K, committed 3120K, reserved 1048576K
Event: 4.970 GC heap after
Heap after GC invocations=7 (full 0):
 PSYoungGen      total 107520K, used 4324K [0x00000000d5580000, 0x00000000e2680000, 0x0000000100000000)
  eden space 96768K, 0% used [0x00000000d5580000,0x00000000d5580000,0x00000000db400000)
  from space 10752K, 40% used [0x00000000db400000,0x00000000db839050,0x00000000dbe80000)
  to   space 10240K, 0% used [0x00000000e1c80000,0x00000000e1c80000,0x00000000e2680000)
 ParOldGen       total 65536K, used 8417K [0x0000000080000000, 0x0000000084000000, 0x00000000d5580000)
  object space 65536K, 12% used [0x0000000080000000,0x0000000080838798,0x0000000084000000)
 Metaspace       used 20572K, capacity 21208K, committed 21296K, reserved 1067008K
  class space    used 2878K, capacity 3076K, committed 3120K, reserved 1048576K
}
Event: 4.970 GC heap before
{Heap before GC invocations=8 (full 1):
 PSYoungGen      total 107520K, used 4324K [0x00000000d5580000, 0x00000000e2680000, 0x0000000100000000)
  eden space 96768K, 0% used [0x00000000d5580000,0x00000000d5580000,0x00000000db400000)
  from space 10752K, 40% used [0x00000000db400000,0x00000000db839050,0x00000000dbe80000)
  to   space 10240K, 0% used [0x00000000e1c80000,0x00000000e1c80000,0x00000000e2680000)
 ParOldGen       total 65536K, used 8417K [0x0000000080000000, 0x0000000084000000, 0x00000000d5580000)
  object space 65536K, 12% used [0x0000000080000000,0x0000000080838798,0x0000000084000000)
 Metaspace       used 20572K, capacity 21208K, committed 21296K, reserved 1067008K
  class space    used 2878K, capacity 3076K, committed 3120K, reserved 1048576K
Event: 5.041 GC heap after
Heap after GC invocations=8 (full 1):
 PSYoungGen      total 107520K, used 0K [0x00000000d5580000, 0x00000000e2680000, 0x0000000100000000)
  eden space 96768K, 0% used [0x00000000d5580000,0x00000000d5580000,0x00000000db400000)
  from space 10752K, 0% used [0x00000000db400000,0x00000000db400000,0x00000000dbe80000)
  to   space 10240K, 0% used [0x00000000e1c80000,0x00000000e1c80000,0x00000000e2680000)
 ParOldGen       total 42496K, used 8153K [0x0000000080000000, 0x0000000082980000, 0x00000000d5580000)
  object space 42496K, 19% used [0x0000000080000000,0x00000000807f66c0,0x0000000082980000)
 Metaspace       used 20572K, capacity 21208K, committed 21296K, reserved 1067008K
  class space    used 2878K, capacity 3076K, committed 3120K, reserved 1048576K
}
Event: 6.774 GC heap before
{Heap before GC invocations=9 (full 1):
 PSYoungGen      total 107520K, used 96768K [0x00000000d5580000, 0x00000000e2680000, 0x0000000100000000)
  eden space 96768K, 100% used [0x00000000d5580000,0x00000000db400000,0x00000000db400000)
  from space 10752K, 0% used [0x00000000db400000,0x00000000db400000,0x00000000dbe80000)
  to   space 10240K, 0% used [0x00000000e1c80000,0x00000000e1c80000,0x00000000e2680000)
 ParOldGen       total 42496K, used 8153K [0x0000000080000000, 0x0000000082980000, 0x00000000d5580000)
  object space 42496K, 19% used [0x0000000080000000,0x00000000807f66c0,0x0000000082980000)
 Metaspace       used 31277K, capacity 32164K, committed 32432K, reserved 1077248K
  class space    used 4255K, capacity 4467K, committed 4528K, reserved 1048576K
Event: 6.791 GC heap after
Heap after GC invocations=9 (full 1):
 PSYoungGen      total 179712K, used 10217K [0x00000000d5580000, 0x00000000e2680000, 0x0000000100000000)
  eden space 169472K, 0% used [0x00000000d5580000,0x00000000d5580000,0x00000000dfb00000)
  from space 10240K, 99% used [0x00000000e1c80000,0x00000000e267a7e0,0x00000000e2680000)
  to   space 12288K, 0% used [0x00000000e0e80000,0x00000000e0e80000,0x00000000e1a80000)
 ParOldGen       total 42496K, used 9331K [0x0000000080000000, 0x0000000082980000, 0x00000000d5580000)
  object space 42496K, 21% used [0x0000000080000000,0x000000008091ccb0,0x0000000082980000)
 Metaspace       used 31277K, capacity 32164K, committed 32432K, reserved 1077248K
  class space    used 4255K, capacity 4467K, committed 4528K, reserved 1048576K
}
Event: 7.669 GC heap before
{Heap before GC invocations=10 (full 1):
 PSYoungGen      total 179712K, used 74773K [0x00000000d5580000, 0x00000000e2680000, 0x0000000100000000)
  eden space 169472K, 38% used [0x00000000d5580000,0x00000000d948ac70,0x00000000dfb00000)
  from space 10240K, 99% used [0x00000000e1c80000,0x00000000e267a7e0,0x00000000e2680000)
  to   space 12288K, 0% used [0x00000000e0e80000,0x00000000e0e80000,0x00000000e1a80000)
 ParOldGen       total 42496K, used 9331K [0x0000000080000000, 0x0000000082980000, 0x00000000d5580000)
  object space 42496K, 21% used [0x0000000080000000,0x000000008091ccb0,0x0000000082980000)
 Metaspace       used 34331K, capacity 35404K, committed 35496K, reserved 1079296K
  class space    used 4730K, capacity 5003K, committed 5040K, reserved 1048576K
Event: 7.683 GC heap after
Heap after GC invocations=10 (full 1):
 PSYoungGen      total 181760K, used 9526K [0x00000000d5580000, 0x00000000e2680000, 0x0000000100000000)
  eden space 169472K, 0% used [0x00000000d5580000,0x00000000d5580000,0x00000000dfb00000)
  from space 12288K, 77% used [0x00000000e0e80000,0x00000000e17cdb68,0x00000000e1a80000)
  to   space 10240K, 0% used [0x00000000e1c80000,0x00000000e1c80000,0x00000000e2680000)
 ParOldGen       total 42496K, used 9339K [0x0000000080000000, 0x0000000082980000, 0x00000000d5580000)
  object space 42496K, 21% used [0x0000000080000000,0x000000008091ecb0,0x0000000082980000)
 Metaspace       used 34331K, capacity 35404K, committed 35496K, reserved 1079296K
  class space    used 4730K, capacity 5003K, committed 5040K, reserved 1048576K
}
Event: 7.683 GC heap before
{Heap before GC invocations=11 (full 2):
 PSYoungGen      total 181760K, used 9526K [0x00000000d5580000, 0x00000000e2680000, 0x0000000100000000)
  eden space 169472K, 0% used [0x00000000d5580000,0x00000000d5580000,0x00000000dfb00000)
  from space 12288K, 77% used [0x00000000e0e80000,0x00000000e17cdb68,0x00000000e1a80000)
  to   space 10240K, 0% used [0x00000000e1c80000,0x00000000e1c80000,0x00000000e2680000)
 ParOldGen       total 42496K, used 9339K [0x0000000080000000, 0x0000000082980000, 0x00000000d5580000)
  object space 42496K, 21% used [0x0000000080000000,0x000000008091ecb0,0x0000000082980000)
 Metaspace       used 34331K, capacity 35404K, committed 35496K, reserved 1079296K
  class space    used 4730K, capacity 5003K, committed 5040K, reserved 1048576K
Event: 7.793 GC heap after
Heap after GC invocations=11 (full 2):
 PSYoungGen      total 181760K, used 0K [0x00000000d5580000, 0x00000000e2680000, 0x0000000100000000)
  eden space 169472K, 0% used [0x00000000d5580000,0x00000000d5580000,0x00000000dfb00000)
  from space 12288K, 0% used [0x00000000e0e80000,0x00000000e0e80000,0x00000000e1a80000)
  to   space 10240K, 0% used [0x00000000e1c80000,0x00000000e1c80000,0x00000000e2680000)
 ParOldGen       total 42496K, used 15810K [0x0000000080000000, 0x0000000082980000, 0x00000000d5580000)
  object space 42496K, 37% used [0x0000000080000000,0x0000000080f70888,0x0000000082980000)
 Metaspace       used 34331K, capacity 35404K, committed 35496K, reserved 1079296K
  class space    used 4730K, capacity 5003K, committed 5040K, reserved 1048576K
}

