# JRE version: OpenJDK Runtime Environment (8.0_242-b01) (build 1.8.0_242-release-1644-b01)
# Java VM: OpenJDK 64-Bit Server VM (25.242-b01 mixed mode windows-amd64 compressed oops)
Heap:
 PSYoungGen      total 71680K, used 29874K [0x00000000d5580000, 0x00000000da580000, 0x0000000100000000)
  eden space 61440K, 31% used [0x00000000d5580000,0x00000000d68ae2d0,0x00000000d9180000)
  from space 10240K, 99% used [0x00000000d9180000,0x00000000d9b7e660,0x00000000d9b80000)
  to   space 9216K, 0% used [0x00000000d9c80000,0x00000000d9c80000,0x00000000da580000)
 ParOldGen       total 42496K, used 14245K [0x0000000080000000, 0x0000000082980000, 0x00000000d5580000)
  object space 42496K, 33% used [0x0000000080000000,0x0000000080de97c0,0x0000000082980000)
 Metaspace       used 44304K, capacity 46164K, committed 46376K, reserved 1091584K
  class space    used 6025K, capacity 6398K, committed 6448K, reserved 1048576K
GC Heap History (10 events):
Event: 6.434 GC heap before
{Heap before GC invocations=11 (full 1):
 PSYoungGen      total 53248K, used 50471K [0x00000000d5580000, 0x00000000da700000, 0x0000000100000000)
  eden space 43008K, 100% used [0x00000000d5580000,0x00000000d7f80000,0x00000000d7f80000)
  from space 10240K, 72% used [0x00000000d7f80000,0x00000000d86c9d40,0x00000000d8980000)
  to   space 10752K, 0% used [0x00000000d9c80000,0x00000000d9c80000,0x00000000da700000)
 ParOldGen       total 42496K, used 8091K [0x0000000080000000, 0x0000000082980000, 0x00000000d5580000)
  object space 42496K, 19% used [0x0000000080000000,0x00000000807e6f68,0x0000000082980000)
 Metaspace       used 33351K, capacity 34442K, committed 34608K, reserved 1079296K
  class space    used 4575K, capacity 4858K, committed 4912K, reserved 1048576K
Event: 6.448 GC heap after
Heap after GC invocations=11 (full 1):
 PSYoungGen      total 70656K, used 6618K [0x00000000d5580000, 0x00000000da580000, 0x0000000100000000)
  eden space 61440K, 0% used [0x00000000d5580000,0x00000000d5580000,0x00000000d9180000)
  from space 9216K, 71% used [0x00000000d9c80000,0x00000000da2f6a80,0x00000000da580000)
  to   space 10240K, 0% used [0x00000000d9180000,0x00000000d9180000,0x00000000d9b80000)
 ParOldGen       total 42496K, used 9797K [0x0000000080000000, 0x0000000082980000, 0x00000000d5580000)
  object space 42496K, 23% used [0x0000000080000000,0x0000000080991538,0x0000000082980000)
 Metaspace       used 33351K, capacity 34442K, committed 34608K, reserved 1079296K
  class space    used 4575K, capacity 4858K, committed 4912K, reserved 1048576K
}
Event: 6.739 GC heap before
{Heap before GC invocations=12 (full 1):
 PSYoungGen      total 70656K, used 28622K [0x00000000d5580000, 0x00000000da580000, 0x0000000100000000)
  eden space 61440K, 35% used [0x00000000d5580000,0x00000000d6afcf40,0x00000000d9180000)
  from space 9216K, 71% used [0x00000000d9c80000,0x00000000da2f6a80,0x00000000da580000)
  to   space 10240K, 0% used [0x00000000d9180000,0x00000000d9180000,0x00000000d9b80000)
 ParOldGen       total 42496K, used 9797K [0x0000000080000000, 0x0000000082980000, 0x00000000d5580000)
  object space 42496K, 23% used [0x0000000080000000,0x0000000080991538,0x0000000082980000)
 Metaspace       used 34348K, capacity 35412K, committed 35496K, reserved 1079296K
  class space    used 4732K, capacity 5003K, committed 5040K, reserved 1048576K
Event: 6.747 GC heap after
Heap after GC invocations=12 (full 1):
 PSYoungGen      total 71680K, used 1628K [0x00000000d5580000, 0x00000000da580000, 0x0000000100000000)
  eden space 61440K, 0% used [0x00000000d5580000,0x00000000d5580000,0x00000000d9180000)
  from space 10240K, 15% used [0x00000000d9180000,0x00000000d9317190,0x00000000d9b80000)
  to   space 9216K, 0% used [0x00000000d9c80000,0x00000000d9c80000,0x00000000da580000)
 ParOldGen       total 42496K, used 14401K [0x0000000080000000, 0x0000000082980000, 0x00000000d5580000)
  object space 42496K, 33% used [0x0000000080000000,0x0000000080e10438,0x0000000082980000)
 Metaspace       used 34348K, capacity 35412K, committed 35496K, reserved 1079296K
  class space    used 4732K, capacity 5003K, committed 5040K, reserved 1048576K
}
Event: 6.747 GC heap before
{Heap before GC invocations=13 (full 2):
 PSYoungGen      total 71680K, used 1628K [0x00000000d5580000, 0x00000000da580000, 0x0000000100000000)
  eden space 61440K, 0% used [0x00000000d5580000,0x00000000d5580000,0x00000000d9180000)
  from space 10240K, 15% used [0x00000000d9180000,0x00000000d9317190,0x00000000d9b80000)
  to   space 9216K, 0% used [0x00000000d9c80000,0x00000000d9c80000,0x00000000da580000)
 ParOldGen       total 42496K, used 14401K [0x0000000080000000, 0x0000000082980000, 0x00000000d5580000)
  object space 42496K, 33% used [0x0000000080000000,0x0000000080e10438,0x0000000082980000)
 Metaspace       used 34348K, capacity 35412K, committed 35496K, reserved 1079296K
  class space    used 4732K, capacity 5003K, committed 5040K, reserved 1048576K
Event: 6.853 GC heap after
Heap after GC invocations=13 (full 2):
 PSYoungGen      total 71680K, used 0K [0x00000000d5580000, 0x00000000da580000, 0x0000000100000000)
  eden space 61440K, 0% used [0x00000000d5580000,0x00000000d5580000,0x00000000d9180000)
  from space 10240K, 0% used [0x00000000d9180000,0x00000000d9180000,0x00000000d9b80000)
  to   space 9216K, 0% used [0x00000000d9c80000,0x00000000d9c80000,0x00000000da580000)
 ParOldGen       total 42496K, used 14229K [0x0000000080000000, 0x0000000082980000, 0x00000000d5580000)
  object space 42496K, 33% used [0x0000000080000000,0x0000000080de57c0,0x0000000082980000)
 Metaspace       used 34348K, capacity 35412K, committed 35496K, reserved 1079296K
  class space    used 4732K, capacity 5003K, committed 5040K, reserved 1048576K
}
Event: 7.912 GC heap before
{Heap before GC invocations=14 (full 2):
 PSYoungGen      total 71680K, used 61440K [0x00000000d5580000, 0x00000000da580000, 0x0000000100000000)
  eden space 61440K, 100% used [0x00000000d5580000,0x00000000d9180000,0x00000000d9180000)
  from space 10240K, 0% used [0x00000000d9180000,0x00000000d9180000,0x00000000d9b80000)
  to   space 9216K, 0% used [0x00000000d9c80000,0x00000000d9c80000,0x00000000da580000)
 ParOldGen       total 42496K, used 14229K [0x0000000080000000, 0x0000000082980000, 0x00000000d5580000)
  object space 42496K, 33% used [0x0000000080000000,0x0000000080de57c0,0x0000000082980000)
 Metaspace       used 36259K, capacity 37708K, committed 37928K, reserved 1081344K
  class space    used 4990K, capacity 5309K, committed 5424K, reserved 1048576K
Event: 7.918 GC heap after
Heap after GC invocations=14 (full 2):
 PSYoungGen      total 70656K, used 3916K [0x00000000d5580000, 0x00000000da580000, 0x0000000100000000)
  eden space 61440K, 0% used [0x00000000d5580000,0x00000000d5580000,0x00000000d9180000)
  from space 9216K, 42% used [0x00000000d9c80000,0x00000000da053320,0x00000000da580000)
  to   space 10240K, 0% used [0x00000000d9180000,0x00000000d9180000,0x00000000d9b80000)
 ParOldGen       total 42496K, used 14237K [0x0000000080000000, 0x0000000082980000, 0x00000000d5580000)
  object space 42496K, 33% used [0x0000000080000000,0x0000000080de77c0,0x0000000082980000)
 Metaspace       used 36259K, capacity 37708K, committed 37928K, reserved 1081344K
  class space    used 4990K, capacity 5309K, committed 5424K, reserved 1048576K
}
Event: 9.198 GC heap before
{Heap before GC invocations=15 (full 2):
 PSYoungGen      total 70656K, used 65356K [0x00000000d5580000, 0x00000000da580000, 0x0000000100000000)
  eden space 61440K, 100% used [0x00000000d5580000,0x00000000d9180000,0x00000000d9180000)
  from space 9216K, 42% used [0x00000000d9c80000,0x00000000da053320,0x00000000da580000)
  to   space 10240K, 0% used [0x00000000d9180000,0x00000000d9180000,0x00000000d9b80000)
 ParOldGen       total 42496K, used 14237K [0x0000000080000000, 0x0000000082980000, 0x00000000d5580000)
  object space 42496K, 33% used [0x0000000080000000,0x0000000080de77c0,0x0000000082980000)
 Metaspace       used 42353K, capacity 44130K, committed 44328K, reserved 1087488K
  class space    used 5804K, capacity 6159K, committed 6192K, reserved 1048576K
Event: 9.218 GC heap after
Heap after GC invocations=15 (full 2):
 PSYoungGen      total 71680K, used 10233K [0x00000000d5580000, 0x00000000da580000, 0x0000000100000000)
  eden space 61440K, 0% used [0x00000000d5580000,0x00000000d5580000,0x00000000d9180000)
  from space 10240K, 99% used [0x00000000d9180000,0x00000000d9b7e660,0x00000000d9b80000)
  to   space 9216K, 0% used [0x00000000d9c80000,0x00000000d9c80000,0x00000000da580000)
 ParOldGen       total 42496K, used 14245K [0x0000000080000000, 0x0000000082980000, 0x00000000d5580000)
  object space 42496K, 33% used [0x0000000080000000,0x0000000080de97c0,0x0000000082980000)
 Metaspace       used 42353K, capacity 44130K, committed 44328K, reserved 1087488K
  class space    used 5804K, capacity 6159K, committed 6192K, reserved 1048576K
}

